<?xml version="1.0" encoding="UTF-8"?>
<!-- Generated by org.testng.reporters.JUnitXMLReporter -->
<testsuite ignored="0" hostname="DESKTOP-00GI9FB" failures="0" tests="6" name="Default test" time="7.963" errors="0" timestamp="2024-10-16T16:22:54 CST">
  <testcase classname="tests.DDtest" name="testPostUser" time="3.298"/>
  <testcase classname="tests.DDtest" name="testPostUser" time="0.398"/>
  <testcase classname="tests.DDtest" name="testPostUser" time="0.382"/>
  <testcase classname="tests.DDtest" name="testDeleteUserByName" time="0.403"/>
  <testcase classname="tests.DDtest" name="testDeleteUserByName" time="0.36"/>
  <testcase classname="tests.DDtest" name="testDeleteUserByName" time="0.366"/>
</testsuite> <!-- Default test -->
