<?xml version="1.0" encoding="UTF-8"?>
<!-- Generated by org.testng.reporters.JUnitXMLReporter -->
<testsuite ignored="0" hostname="DESKTOP-00GI9FB" failures="0" tests="6" name="SwaggerPetStore DD" time="7.896" errors="0" timestamp="2024-10-16T16:45:52 CST">
  <testcase classname="tests.DDtest" name="testPostUser" time="3.338"/>
  <testcase classname="tests.DDtest" name="testPostUser" time="0.363"/>
  <testcase classname="tests.DDtest" name="testPostUser" time="0.354"/>
  <testcase classname="tests.DDtest" name="testDeleteUserByName" time="0.386"/>
  <testcase classname="tests.DDtest" name="testDeleteUserByName" time="0.35"/>
  <testcase classname="tests.DDtest" name="testDeleteUserByName" time="0.351"/>
</testsuite> <!-- SwaggerPetStore DD -->
