<?xml version="1.0" encoding="UTF-8"?>
<!-- Generated by org.testng.reporters.JUnitXMLReporter -->
<testsuite ignored="0" hostname="DESKTOP-00GI9FB" failures="0" tests="8" name="SwaggerPetStore" time="8.156" errors="0" timestamp="2024-10-17T17:51:06 CST">
  <testcase classname="tests.UserTest" name="CreatePetStoreUser" time="3.615"/>
  <testcase classname="tests.UserTest" name="GetPetStoreUserDetails" time="0.388"/>
  <testcase classname="tests.UserTest" name="UpdatePetStoreUserDetails" time="0.679"/>
  <testcase classname="tests.UserTest" name="DeletePetStoreUser" time="0.328"/>
  <testcase classname="tests.StoreTest" name="GetPetStoreInventory" time="0.329"/>
  <testcase classname="tests.StoreTest" name="PlacePetStoreOrder" time="0.34"/>
  <testcase classname="tests.StoreTest" name="GetPetStoreOrder" time="0.33"/>
  <testcase classname="tests.StoreTest" name="DeletePetStoreOrder" time="0.331"/>
</testsuite> <!-- SwaggerPetStore -->
