<?xml version="1.0" encoding="UTF-8"?>
<testsuite xmlns:xsi="http://www.w3.org/2001/XMLSchema-instance" xsi:noNamespaceSchemaLocation="https://maven.apache.org/surefire/maven-surefire-plugin/xsd/surefire-test-report-3.0.xsd" version="3.0" name="TestSuite" time="8.653" tests="8" errors="0" skipped="0" failures="0">
  <properties>
[...]
</properties>
  <testcase name="CreatePetStoreUser" classname="tests.UserTest" time="3.312">
    <system-out><![CDATA[HTTP/1.1 200 OK
Date: Thu, 17 Oct 2024 23:52:46 GMT
Content-Type: application/json
Transfer-Encoding: chunked
Connection: keep-alive
Access-Control-Allow-Origin: *
Access-Control-Allow-Methods: GET, POST, DELETE, PUT
Access-Control-Allow-Headers: Content-Type, api_key, Authorization
Server: Jetty(9.2.9.v20150224)

{
    "code": 200,
    "type": "unknown",
    "message": "2038105753"
}
]]></system-out>
    <system-err><![CDATA[SLF4J: Failed to load class "org.slf4j.impl.StaticLoggerBinder".
SLF4J: Defaulting to no-operation (NOP) logger implementation
SLF4J: See http://www.slf4j.org/codes.html#StaticLoggerBinder for further details.
]]></system-err>
  </testcase>
  <testcase name="GetPetStoreUserDetails" classname="tests.UserTest" time="0.373">
    <system-out><![CDATA[HTTP/1.1 200 OK
Date: Thu, 17 Oct 2024 23:52:46 GMT
Content-Type: application/json
Transfer-Encoding: chunked
Connection: keep-alive
Access-Control-Allow-Origin: *
Access-Control-Allow-Methods: GET, POST, DELETE, PUT
Access-Control-Allow-Headers: Content-Type, api_key, Authorization
Server: Jetty(9.2.9.v20150224)

{
    "id": 2038105753,
    "username": "cletus.oconner",
    "firstName": "Erinn",
    "lastName": "Cartwright",
    "email": "adrianna.bergnaum@example.com",
    "password": "cxkg4",
    "phone": "(865) 592-2666",
    "userStatus": 0
}
]]></system-out>
  </testcase>
  <testcase name="UpdatePetStoreUserDetails" classname="tests.UserTest" time="0.692">
    <system-out><![CDATA[HTTP/1.1 200 OK
Date: Thu, 17 Oct 2024 23:52:46 GMT
Content-Type: application/json
Transfer-Encoding: chunked
Connection: keep-alive
Access-Control-Allow-Origin: *
Access-Control-Allow-Methods: GET, POST, DELETE, PUT
Access-Control-Allow-Headers: Content-Type, api_key, Authorization
Server: Jetty(9.2.9.v20150224)

{
    "code": 200,
    "type": "unknown",
    "message": "2038105753"
}
HTTP/1.1 200 OK
Date: Thu, 17 Oct 2024 23:52:47 GMT
Content-Type: application/json
Transfer-Encoding: chunked
Connection: keep-alive
Access-Control-Allow-Origin: *
Access-Control-Allow-Methods: GET, POST, DELETE, PUT
Access-Control-Allow-Headers: Content-Type, api_key, Authorization
Server: Jetty(9.2.9.v20150224)

{
    "id": 2038105753,
    "username": "linwood.waelchi",
    "firstName": "Hoyt",
    "lastName": "Welch",
    "email": "adrianna.bergnaum@example.com",
    "password": "cxkg4",
    "phone": "(865) 592-2666",
    "userStatus": 0
}
]]></system-out>
  </testcase>
  <testcase name="DeletePetStoreUser" classname="tests.UserTest" time="0.326"/>
  <testcase name="GetPetStoreInventory" classname="tests.StoreTest" time="0.361">
    <system-out><![CDATA[HTTP/1.1 200 OK
Date: Thu, 17 Oct 2024 23:52:47 GMT
Content-Type: application/json
Transfer-Encoding: chunked
Connection: keep-alive
Access-Control-Allow-Origin: *
Access-Control-Allow-Methods: GET, POST, DELETE, PUT
Access-Control-Allow-Headers: Content-Type, api_key, Authorization
Server: Jetty(9.2.9.v20150224)

{
    "sold": 37,
    "Solded": 1,
    "string": 492,
    "unavailable": 2,
    "Busy": 1,
    "pending": 43,
    "available": 233,
    "avalible": 1,
    "Забронирован": 1,
    "peric": 4,
    "1": 2,
    "SOLD": 1,
    "VL4EQE": 1,
    "avaliable": 1,
    "FALSE": 1,
    "status": 18
}
]]></system-out>
  </testcase>
  <testcase name="PlacePetStoreOrder" classname="tests.StoreTest" time="0.336">
    <system-out><![CDATA[HTTP/1.1 200 OK
Date: Thu, 17 Oct 2024 23:52:48 GMT
Content-Type: application/json
Transfer-Encoding: chunked
Connection: keep-alive
Access-Control-Allow-Origin: *
Access-Control-Allow-Methods: GET, POST, DELETE, PUT
Access-Control-Allow-Headers: Content-Type, api_key, Authorization
Server: Jetty(9.2.9.v20150224)

{
    "id": 6,
    "petId": 8,
    "quantity": 4,
    "shipDate": "2024-10-17T00:00:00.000+0000",
    "complete": false
}
]]></system-out>
  </testcase>
  <testcase name="GetPetStoreOrder" classname="tests.StoreTest" time="0.334">
    <system-out><![CDATA[HTTP/1.1 200 OK
Date: Thu, 17 Oct 2024 23:52:48 GMT
Content-Type: application/json
Transfer-Encoding: chunked
Connection: keep-alive
Access-Control-Allow-Origin: *
Access-Control-Allow-Methods: GET, POST, DELETE, PUT
Access-Control-Allow-Headers: Content-Type, api_key, Authorization
Server: Jetty(9.2.9.v20150224)

{
    "id": 6,
    "petId": 8,
    "quantity": 4,
    "shipDate": "2024-10-17T00:00:00.000+0000",
    "complete": false
}
]]></system-out>
  </testcase>
  <testcase name="DeletePetStoreOrder" classname="tests.StoreTest" time="0.328">
    <system-out><![CDATA[HTTP/1.1 200 OK
Date: Thu, 17 Oct 2024 23:52:49 GMT
Content-Type: application/json
Transfer-Encoding: chunked
Connection: keep-alive
Access-Control-Allow-Origin: *
Access-Control-Allow-Methods: GET, POST, DELETE, PUT
Access-Control-Allow-Headers: Content-Type, api_key, Authorization
Server: Jetty(9.2.9.v20150224)

{
    "code": 200,
    "type": "unknown",
    "message": "6"
}
]]></system-out>
  </testcase>
</testsuite>