<?xml version="1.0" encoding="UTF-8"?>
<testng-results ignored="0" total="8" passed="8" failed="0" skipped="0">
  <reporter-output>
  </reporter-output>
  <suite started-at="2024-10-17T17:52:42 CST" name="Test-Suite" finished-at="2024-10-17T17:52:49 CST" duration-ms="7450">
    <groups>
      <group name="RegressionUserTest">
        <method signature="UserTest.CreatePetStoreUser()[pri:1, instance:tests.UserTest@5ffead27]" name="CreatePetStoreUser" class="tests.UserTest"/>
        <method signature="UserTest.GetPetStoreUserDetails()[pri:2, instance:tests.UserTest@5ffead27]" name="GetPetStoreUserDetails" class="tests.UserTest"/>
        <method signature="UserTest.UpdatePetStoreUserDetails()[pri:3, instance:tests.UserTest@5ffead27]" name="UpdatePetStoreUserDetails" class="tests.UserTest"/>
        <method signature="UserTest.DeletePetStoreUser()[pri:4, instance:tests.UserTest@5ffead27]" name="DeletePetStoreUser" class="tests.UserTest"/>
      </group> <!-- RegressionUserTest -->
      <group name="RegressionStoreTest">
        <method signature="StoreTest.GetPetStoreInventory()[pri:1, instance:tests.StoreTest@3e58a80e]" name="GetPetStoreInventory" class="tests.StoreTest"/>
        <method signature="StoreTest.PlacePetStoreOrder()[pri:2, instance:tests.StoreTest@3e58a80e]" name="PlacePetStoreOrder" class="tests.StoreTest"/>
        <method signature="StoreTest.GetPetStoreOrder()[pri:3, instance:tests.StoreTest@3e58a80e]" name="GetPetStoreOrder" class="tests.StoreTest"/>
        <method signature="StoreTest.DeletePetStoreOrder()[pri:4, instance:tests.StoreTest@3e58a80e]" name="DeletePetStoreOrder" class="tests.StoreTest"/>
      </group> <!-- RegressionStoreTest -->
    </groups>
    <test started-at="2024-10-17T17:52:42 CST" name="SwaggerPetStore" finished-at="2024-10-17T17:52:49 CST" duration-ms="7450">
      <class name="tests.StoreTest">
        <test-method is-config="true" signature="setUpData()[pri:0, instance:tests.StoreTest@3e58a80e]" started-at="2024-10-17T17:52:48 CST" name="setUpData" finished-at="2024-10-17T17:52:48 CST" duration-ms="6" status="PASS">
          <reporter-output>
          </reporter-output>
        </test-method> <!-- setUpData -->
        <test-method signature="GetPetStoreInventory()[pri:1, instance:tests.StoreTest@3e58a80e]" started-at="2024-10-17T17:52:48 CST" name="GetPetStoreInventory" finished-at="2024-10-17T17:52:48 CST" duration-ms="332" status="PASS">
          <reporter-output>
          </reporter-output>
        </test-method> <!-- GetPetStoreInventory -->
        <test-method signature="PlacePetStoreOrder()[pri:2, instance:tests.StoreTest@3e58a80e]" started-at="2024-10-17T17:52:48 CST" name="PlacePetStoreOrder" finished-at="2024-10-17T17:52:48 CST" duration-ms="351" status="PASS">
          <reporter-output>
          </reporter-output>
        </test-method> <!-- PlacePetStoreOrder -->
        <test-method signature="GetPetStoreOrder()[pri:3, instance:tests.StoreTest@3e58a80e]" started-at="2024-10-17T17:52:48 CST" name="GetPetStoreOrder" finished-at="2024-10-17T17:52:49 CST" duration-ms="334" status="PASS">
          <reporter-output>
          </reporter-output>
        </test-method> <!-- GetPetStoreOrder -->
        <test-method signature="DeletePetStoreOrder()[pri:4, instance:tests.StoreTest@3e58a80e]" started-at="2024-10-17T17:52:49 CST" name="DeletePetStoreOrder" finished-at="2024-10-17T17:52:49 CST" duration-ms="326" status="PASS">
          <reporter-output>
          </reporter-output>
        </test-method> <!-- DeletePetStoreOrder -->
      </class> <!-- tests.StoreTest -->
      <class name="tests.UserTest">
        <test-method is-config="true" signature="setUpData()[pri:0, instance:tests.UserTest@5ffead27]" started-at="2024-10-17T17:52:42 CST" name="setUpData" finished-at="2024-10-17T17:52:43 CST" duration-ms="993" status="PASS">
          <reporter-output>
          </reporter-output>
        </test-method> <!-- setUpData -->
        <test-method signature="CreatePetStoreUser()[pri:1, instance:tests.UserTest@5ffead27]" started-at="2024-10-17T17:52:43 CST" name="CreatePetStoreUser" finished-at="2024-10-17T17:52:46 CST" duration-ms="3287" status="PASS">
          <reporter-output>
          </reporter-output>
        </test-method> <!-- CreatePetStoreUser -->
        <test-method signature="GetPetStoreUserDetails()[pri:2, instance:tests.UserTest@5ffead27]" started-at="2024-10-17T17:52:46 CST" name="GetPetStoreUserDetails" finished-at="2024-10-17T17:52:47 CST" duration-ms="361" status="PASS">
          <reporter-output>
          </reporter-output>
        </test-method> <!-- GetPetStoreUserDetails -->
        <test-method signature="UpdatePetStoreUserDetails()[pri:3, instance:tests.UserTest@5ffead27]" started-at="2024-10-17T17:52:47 CST" name="UpdatePetStoreUserDetails" finished-at="2024-10-17T17:52:47 CST" duration-ms="688" status="PASS">
          <reporter-output>
          </reporter-output>
        </test-method> <!-- UpdatePetStoreUserDetails -->
        <test-method signature="DeletePetStoreUser()[pri:4, instance:tests.UserTest@5ffead27]" started-at="2024-10-17T17:52:47 CST" name="DeletePetStoreUser" finished-at="2024-10-17T17:52:48 CST" duration-ms="333" status="PASS">
          <reporter-output>
          </reporter-output>
        </test-method> <!-- DeletePetStoreUser -->
      </class> <!-- tests.UserTest -->
    </test> <!-- SwaggerPetStore -->
  </suite> <!-- Test-Suite -->
</testng-results>
