<?xml version="1.0" encoding="UTF-8"?>
<testng-results ignored="0" total="8" passed="8" failed="0" skipped="0">
  <reporter-output>
  </reporter-output>
  <suite started-at="2024-10-17T17:50:57 CST" name="Test-Suite" finished-at="2024-10-17T17:51:06 CST" duration-ms="8156">
    <groups>
      <group name="RegressionUserTest">
        <method signature="UserTest.CreatePetStoreUser()[pri:1, instance:tests.UserTest@4afcd809]" name="CreatePetStoreUser" class="tests.UserTest"/>
        <method signature="UserTest.GetPetStoreUserDetails()[pri:2, instance:tests.UserTest@4afcd809]" name="GetPetStoreUserDetails" class="tests.UserTest"/>
        <method signature="UserTest.UpdatePetStoreUserDetails()[pri:3, instance:tests.UserTest@4afcd809]" name="UpdatePetStoreUserDetails" class="tests.UserTest"/>
        <method signature="UserTest.DeletePetStoreUser()[pri:4, instance:tests.UserTest@4afcd809]" name="DeletePetStoreUser" class="tests.UserTest"/>
      </group> <!-- RegressionUserTest -->
      <group name="RegressionStoreTest">
        <method signature="StoreTest.GetPetStoreInventory()[pri:1, instance:tests.StoreTest@408d971b]" name="GetPetStoreInventory" class="tests.StoreTest"/>
        <method signature="StoreTest.PlacePetStoreOrder()[pri:2, instance:tests.StoreTest@408d971b]" name="PlacePetStoreOrder" class="tests.StoreTest"/>
        <method signature="StoreTest.GetPetStoreOrder()[pri:3, instance:tests.StoreTest@408d971b]" name="GetPetStoreOrder" class="tests.StoreTest"/>
        <method signature="StoreTest.DeletePetStoreOrder()[pri:4, instance:tests.StoreTest@408d971b]" name="DeletePetStoreOrder" class="tests.StoreTest"/>
      </group> <!-- RegressionStoreTest -->
    </groups>
    <test started-at="2024-10-17T17:50:57 CST" name="SwaggerPetStore" finished-at="2024-10-17T17:51:06 CST" duration-ms="8156">
      <class name="tests.StoreTest">
        <test-method is-config="true" signature="setUpData()[pri:0, instance:tests.StoreTest@408d971b]" started-at="2024-10-17T17:51:04 CST" name="setUpData" finished-at="2024-10-17T17:51:04 CST" duration-ms="7" status="PASS">
          <reporter-output>
          </reporter-output>
        </test-method> <!-- setUpData -->
        <test-method signature="GetPetStoreInventory()[pri:1, instance:tests.StoreTest@408d971b]" started-at="2024-10-17T17:51:04 CST" name="GetPetStoreInventory" finished-at="2024-10-17T17:51:05 CST" duration-ms="329" status="PASS">
          <reporter-output>
          </reporter-output>
        </test-method> <!-- GetPetStoreInventory -->
        <test-method signature="PlacePetStoreOrder()[pri:2, instance:tests.StoreTest@408d971b]" started-at="2024-10-17T17:51:05 CST" name="PlacePetStoreOrder" finished-at="2024-10-17T17:51:05 CST" duration-ms="340" status="PASS">
          <reporter-output>
          </reporter-output>
        </test-method> <!-- PlacePetStoreOrder -->
        <test-method signature="GetPetStoreOrder()[pri:3, instance:tests.StoreTest@408d971b]" started-at="2024-10-17T17:51:05 CST" name="GetPetStoreOrder" finished-at="2024-10-17T17:51:05 CST" duration-ms="330" status="PASS">
          <reporter-output>
          </reporter-output>
        </test-method> <!-- GetPetStoreOrder -->
        <test-method signature="DeletePetStoreOrder()[pri:4, instance:tests.StoreTest@408d971b]" started-at="2024-10-17T17:51:05 CST" name="DeletePetStoreOrder" finished-at="2024-10-17T17:51:06 CST" duration-ms="331" status="PASS">
          <reporter-output>
          </reporter-output>
        </test-method> <!-- DeletePetStoreOrder -->
      </class> <!-- tests.StoreTest -->
      <class name="tests.UserTest">
        <test-method is-config="true" signature="setUpData()[pri:0, instance:tests.UserTest@4afcd809]" started-at="2024-10-17T17:50:58 CST" name="setUpData" finished-at="2024-10-17T17:50:59 CST" duration-ms="1209" status="PASS">
          <reporter-output>
          </reporter-output>
        </test-method> <!-- setUpData -->
        <test-method signature="CreatePetStoreUser()[pri:1, instance:tests.UserTest@4afcd809]" started-at="2024-10-17T17:50:59 CST" name="CreatePetStoreUser" finished-at="2024-10-17T17:51:03 CST" duration-ms="3615" status="PASS">
          <reporter-output>
          </reporter-output>
        </test-method> <!-- CreatePetStoreUser -->
        <test-method signature="GetPetStoreUserDetails()[pri:2, instance:tests.UserTest@4afcd809]" started-at="2024-10-17T17:51:03 CST" name="GetPetStoreUserDetails" finished-at="2024-10-17T17:51:03 CST" duration-ms="388" status="PASS">
          <reporter-output>
          </reporter-output>
        </test-method> <!-- GetPetStoreUserDetails -->
        <test-method signature="UpdatePetStoreUserDetails()[pri:3, instance:tests.UserTest@4afcd809]" started-at="2024-10-17T17:51:03 CST" name="UpdatePetStoreUserDetails" finished-at="2024-10-17T17:51:04 CST" duration-ms="679" status="PASS">
          <reporter-output>
          </reporter-output>
        </test-method> <!-- UpdatePetStoreUserDetails -->
        <test-method signature="DeletePetStoreUser()[pri:4, instance:tests.UserTest@4afcd809]" started-at="2024-10-17T17:51:04 CST" name="DeletePetStoreUser" finished-at="2024-10-17T17:51:04 CST" duration-ms="328" status="PASS">
          <reporter-output>
          </reporter-output>
        </test-method> <!-- DeletePetStoreUser -->
      </class> <!-- tests.UserTest -->
    </test> <!-- SwaggerPetStore -->
  </suite> <!-- Test-Suite -->
</testng-results>
