<?xml version="1.0" encoding="UTF-8"?>
<!-- Generated by org.testng.reporters.JUnitXMLReporter -->
<testsuite ignored="0" hostname="DESKTOP-00GI9FB" failures="0" tests="8" name="SwaggerPetStore" time="7.45" errors="0" timestamp="2024-10-17T17:52:49 CST">
  <testcase classname="tests.UserTest" name="CreatePetStoreUser" time="3.287"/>
  <testcase classname="tests.UserTest" name="GetPetStoreUserDetails" time="0.361"/>
  <testcase classname="tests.UserTest" name="UpdatePetStoreUserDetails" time="0.688"/>
  <testcase classname="tests.UserTest" name="DeletePetStoreUser" time="0.333"/>
  <testcase classname="tests.StoreTest" name="GetPetStoreInventory" time="0.332"/>
  <testcase classname="tests.StoreTest" name="PlacePetStoreOrder" time="0.351"/>
  <testcase classname="tests.StoreTest" name="GetPetStoreOrder" time="0.334"/>
  <testcase classname="tests.StoreTest" name="DeletePetStoreOrder" time="0.326"/>
</testsuite> <!-- SwaggerPetStore -->
